<?xml version="1.0" encoding="UTF-8"?>
<testsuite xmlns:xsi="http://www.w3.org/2001/XMLSchema-instance" xsi:noNamespaceSchemaLocation="https://maven.apache.org/surefire/maven-surefire-plugin/xsd/surefire-test-report-3.0.xsd" version="3.0" name="dao.ReportDAOTest" time="1.579" tests="4" errors="0" skipped="0" failures="0">
  <properties>
[...]
</properties>
  <testcase name="salesDaily_works" classname="dao.ReportDAOTest" time="1.422">
    <system-out><![CDATA[[PASS] RP-01 salesDaily: sums for 2025-08-05 (2 bills)
]]></system-out>
  </testcase>
  <testcase name="customerConsumption_byAccount" classname="dao.ReportDAOTest" time="0.039">
    <system-out><![CDATA[[PASS] RP-04 customerConsumptionByAccount: same result for ACC0001
]]></system-out>
  </testcase>
  <testcase name="salesMonthly_works" classname="dao.ReportDAOTest" time="0.032">
    <system-out><![CDATA[[PASS] RP-02 salesMonthly: two rows (05 and 06) with correct totals
]]></system-out>
  </testcase>
  <testcase name="customerConsumption_byId" classname="dao.ReportDAOTest" time="0.032">
    <system-out><![CDATA[[PASS] RP-03 customerConsumption: groups by item for customer 1 between 05..06
]]></system-out>
  </testcase>
</testsuite>